20180626 1 20180626010110 OK KK123GG (거래내용의 경우 숫자,한글,영문 조합 하여 64KB 를 초과하여 생성)
20180626 2 20180626010110 OK KK123GG (거래내용의 경우 숫자,한글,영문 조합 하여 64KB 를 초과하여 생성)(거래내용의 경우 숫자,한글,영문 조합 하여 64KB 를 초과하여 생성)
20180626 3 20180626010110 OK KK123GG (거래내용의 경우 숫자,한글,영문 조합 하여 64KB 를 초과하여 생성)(거래내용의 경우 숫자,한글,영문 조합 하여 64KB 를 초과하여 생성)
20180626 4 20180626010110 OK KK123GG (거래내용의 경우 숫자,한글,영문 조합 하여 64KB 를 초과하여 생성)(거래내용의 경우 숫자,한글,영문 조합 하여 64KB 를 초과하여 생성)(거래내용의 경우 숫자,한글,영문 조합 하여 64KB 를 초과하여 생성)
20180626 5 20180626010110 OK KK123GG (거래내용의 경우 숫자,한글,영문 조합 하여 64KB 를 초과하여 생성)(거래내용의 경우 숫자,한글,영문 조합 하여 64KB 를 초과하여 생성)(거래내용의 경우 숫자,한글,영문 조합 하여 64KB 를 초과하여 생성)(거래내용의 경우 숫자,한글,영문 조합 하여 64KB 를 초과하여 생성)
20180626 6 20180626010110 OK KK123GG (거래내용의 경우 숫자,한글,영문 조합 하여 64KB 를 초과하여 생성)(거래내용의 경우 숫자,한글,영문 조합 하여 64KB 를 초과하여 생성)(거래내용의 경우 숫자,한글,영문 조합 하여 64KB 를 초과하여 생성)(거래내용의 경우 숫자,한글,영문 조합 하여 64KB 를 초과하여 생성)(거래내용의 경우 숫자,한글,영문 조합 하여 64KB 를 초과하여 생성)
20180626 7 20180626010110 OK KK123GG (거래내용의 경우 숫자,한글,영문 조합 하여 64KB 를 초과하여 생성)(거래내용의 경우 숫자,한글,영문 조합 하여 64KB 를 초과하여 생성)(거래내용의 경우 숫자,한글,영문 조합 하여 64KB 를 초과하여 생성)(거래내용의 경우 숫자,한글,영문 조합 하여 64KB 를 초과하여 생성)(거래내용의 경우 숫자,한글,영문 조합 하여 64KB 를 초과하여 생성)
20180626 8 20180626010110 OK KK123GG (거래내용의 경우 숫자,한글,영문 조합 하여 64KB 를 초과하여 생성)(거래내용의 경우 숫자,한글,영문 조합 하여 64KB 를 초과하여 생성)(거래내용의 경우 숫자,한글,영문 조합 하여 64KB 를 초과하여 생성)
20180626 9 20180626010110 OK KK123GG (거래내용의 경우 숫자,한글,영문 조합 하여 64KB 를 초과하여 생성)(거래내용의 경우 숫자,한글,영문 조합 하여 64KB 를 초과하여 생성)(거래내용의 경우 숫자,한글,영문 조합 하여 64KB 를 초과하여 생성)
20180626 10 20180626010110 OK KK123GG (거래내용의 경우 숫자,한글,영문 조합 하여 64KB 를 초과하여 생성)(거래내용의 경우 숫자,한글,영문 조합 하여 64KB 를 초과하여 생성)(거래내용의 경우 숫자,한글,영문 조합 하여 64KB 를 초과하여 생성)
20180626 11 20180626010110 OK KK123GG (거래내용의 경우 숫자,한글,영문 조합 하여 64KB 를 초과하여 생성)(거래내용의 경우 숫자,한글,영문 조합 하여 64KB 를 초과하여 생성)
20180626 12 20180626010110 OK KK123GG (거래내용의 경우 숫자,한글,영문 조합 하여 64KB 를 초과하여 생성)(거래내용의 경우 숫자,한글,영문 조합 하여 64KB 를 초과하여 생성)(거래내용의 경우 숫자,한글,영문 조합 하여 64KB 를 초과하여 생성)
20180626 13 20180626010110 OK KK123GG (거래내용의 경우 숫자,한글,영문 조합 하여 64KB 를 초과하여 생성)(거래내용의 경우 숫자,한글,영문 조합 하여 64KB 를 초과하여 생성)
20180626 14 20180626010110 OK KK123GG (거래내용의 경우 숫자,한글,영문 조합 하여 64KB 를 초과하여 생성)(거래내용의 경우 숫자,한글,영문 조합 하여 64KB 를 초과하여 생성)(거래내용의 경우 숫자,한글,영문 조합 하여 64KB 를 초과하여 생성)
20180626 15 20180626010110 OK KK123GG (거래내용의 경우 숫자,한글,영문 조합 하여 64KB 를 초과하여 생성)(거래내용의 경우 숫자,한글,영문 조합 하여 64KB 를 초과하여 생성)
20180626 16 20180626010110 OK KK123GG (거래내용의 경우 숫자,한글,영문 조합 하여 64KB 를 초과하여 생성)(거래내용의 경우 숫자,한글,영문 조합 하여 64KB 를 초과하여 생성)(거래내용의 경우 숫자,한글,영문 조합 하여 64KB 를 초과하여 생성)
20180626 17 20180626010110 OK KK123GG (거래내용의 경우 숫자,한글,영문 조합 하여 64KB 를 초과하여 생성)(거래내용의 경우 숫자,한글,영문 조합 하여 64KB 를 초과하여 생성)
20180626 18 20180626010110 OK KK123GG (거래내용의 경우 숫자,한글,영문 조합 하여 64KB 를 초과하여 생성)(거래내용의 경우 숫자,한글,영문 조합 하여 64KB 를 초과하여 생성)
20180626 19 20180626010110 OK KK123GG (거래내용의 경우 숫자,한글,영문 조합 하여 64KB 를 초과하여 생성)(거래내용의 경우 숫자,한글,영문 조합 하여 64KB 를 초과하여 생성)
20180626 20 20180626010110 OK KK123GG (거래내용의 경우 숫자,한글,영문 조합 하여 64KB 를 초과하여 생성)(거래내용의 경우 숫자,한글,영문 조합 하여 64KB 를 초과하여 생성)(거래내용의 경우 숫자,한글,영문 조합 하여 64KB 를 초과하여 생성)
20180626 1 20180626010110 OK KK123GG (거래내용의 경우 숫자,한글,영문 조합 하여 64KB 를 초과하여 생성)
20180626 2 20180626010110 OK KK123GG (거래내용의 경우 숫자,한글,영문 조합 하여 64KB 를 초과하여 생성)(거래내용의 경우 숫자,한글,영문 조합 하여 64KB 를 초과하여 생성)
20180626 3 20180626010110 OK KK123GG (거래내용의 경우 숫자,한글,영문 조합 하여 64KB 를 초과하여 생성)(거래내용의 경우 숫자,한글,영문 조합 하여 64KB 를 초과하여 생성)
20180626 4 20180626010110 OK KK123GG (거래내용의 경우 숫자,한글,영문 조합 하여 64KB 를 초과하여 생성)(거래내용의 경우 숫자,한글,영문 조합 하여 64KB 를 초과하여 생성)(거래내용의 경우 숫자,한글,영문 조합 하여 64KB 를 초과하여 생성)
20180626 5 20180626010110 OK KK123GG (거래내용의 경우 숫자,한글,영문 조합 하여 64KB 를 초과하여 생성)(거래내용의 경우 숫자,한글,영문 조합 하여 64KB 를 초과하여 생성)(거래내용의 경우 숫자,한글,영문 조합 하여 64KB 를 초과하여 생성)(거래내용의 경우 숫자,한글,영문 조합 하여 64KB 를 초과하여 생성)
20180626 6 20180626010110 OK KK123GG (거래내용의 경우 숫자,한글,영문 조합 하여 64KB 를 초과하여 생성)(거래내용의 경우 숫자,한글,영문 조합 하여 64KB 를 초과하여 생성)(거래내용의 경우 숫자,한글,영문 조합 하여 64KB 를 초과하여 생성)(거래내용의 경우 숫자,한글,영문 조합 하여 64KB 를 초과하여 생성)(거래내용의 경우 숫자,한글,영문 조합 하여 64KB 를 초과하여 생성)
20180626 7 20180626010110 OK KK123GG (거래내용의 경우 숫자,한글,영문 조합 하여 64KB 를 초과하여 생성)(거래내용의 경우 숫자,한글,영문 조합 하여 64KB 를 초과하여 생성)(거래내용의 경우 숫자,한글,영문 조합 하여 64KB 를 초과하여 생성)(거래내용의 경우 숫자,한글,영문 조합 하여 64KB 를 초과하여 생성)(거래내용의 경우 숫자,한글,영문 조합 하여 64KB 를 초과하여 생성)
20180626 8 20180626010110 OK KK123GG (거래내용의 경우 숫자,한글,영문 조합 하여 64KB 를 초과하여 생성)(거래내용의 경우 숫자,한글,영문 조합 하여 64KB 를 초과하여 생성)(거래내용의 경우 숫자,한글,영문 조합 하여 64KB 를 초과하여 생성)
20180626 9 20180626010110 OK KK123GG (거래내용의 경우 숫자,한글,영문 조합 하여 64KB 를 초과하여 생성)(거래내용의 경우 숫자,한글,영문 조합 하여 64KB 를 초과하여 생성)(거래내용의 경우 숫자,한글,영문 조합 하여 64KB 를 초과하여 생성)
20180626 10 20180626010110 OK KK123GG (거래내용의 경우 숫자,한글,영문 조합 하여 64KB 를 초과하여 생성)(거래내용의 경우 숫자,한글,영문 조합 하여 64KB 를 초과하여 생성)(거래내용의 경우 숫자,한글,영문 조합 하여 64KB 를 초과하여 생성)
20180626 11 20180626010110 OK KK123GG (거래내용의 경우 숫자,한글,영문 조합 하여 64KB 를 초과하여 생성)(거래내용의 경우 숫자,한글,영문 조합 하여 64KB 를 초과하여 생성)
20180626 12 20180626010110 OK KK123GG (거래내용의 경우 숫자,한글,영문 조합 하여 64KB 를 초과하여 생성)(거래내용의 경우 숫자,한글,영문 조합 하여 64KB 를 초과하여 생성)(거래내용의 경우 숫자,한글,영문 조합 하여 64KB 를 초과하여 생성)
20180626 13 20180626010110 OK KK123GG (거래내용의 경우 숫자,한글,영문 조합 하여 64KB 를 초과하여 생성)(거래내용의 경우 숫자,한글,영문 조합 하여 64KB 를 초과하여 생성)
20180626 14 20180626010110 OK KK123GG (거래내용의 경우 숫자,한글,영문 조합 하여 64KB 를 초과하여 생성)(거래내용의 경우 숫자,한글,영문 조합 하여 64KB 를 초과하여 생성)(거래내용의 경우 숫자,한글,영문 조합 하여 64KB 를 초과하여 생성)
20180626 15 20180626010110 OK KK123GG (거래내용의 경우 숫자,한글,영문 조합 하여 64KB 를 초과하여 생성)(거래내용의 경우 숫자,한글,영문 조합 하여 64KB 를 초과하여 생성)
20180626 16 20180626010110 OK KK123GG (거래내용의 경우 숫자,한글,영문 조합 하여 64KB 를 초과하여 생성)(거래내용의 경우 숫자,한글,영문 조합 하여 64KB 를 초과하여 생성)(거래내용의 경우 숫자,한글,영문 조합 하여 64KB 를 초과하여 생성)
20180626 17 20180626010110 OK KK123GG (거래내용의 경우 숫자,한글,영문 조합 하여 64KB 를 초과하여 생성)(거래내용의 경우 숫자,한글,영문 조합 하여 64KB 를 초과하여 생성)
20180626 18 20180626010110 OK KK123GG (거래내용의 경우 숫자,한글,영문 조합 하여 64KB 를 초과하여 생성)(거래내용의 경우 숫자,한글,영문 조합 하여 64KB 를 초과하여 생성)
20180626 19 20180626010110 OK KK123GG (거래내용의 경우 숫자,한글,영문 조합 하여 64KB 를 초과하여 생성)(거래내용의 경우 숫자,한글,영문 조합 하여 64KB 를 초과하여 생성)
20180626 20 20180626010110 OK KK123GG (거래내용의 경우 숫자,한글,영문 조합 하여 64KB 를 초과하여 생성)(거래내용의 경우 숫자,한글,영문 조합 하여 64KB 를 초과하여 생성)(거래내용의 경우 숫자,한글,영문 조합 하여 64KB 를 초과하여 생성)
20180626 31 20180626010110 OK KK123GG (거래내용의 경우 숫자,한글,영문 조합 하여 64KB 를 초과하여 생성)
20180626 32 20180626010110 OK KK123GG (거래내용의 경우 숫자,한글,영문 조합 하여 64KB 를 초과하여 생성)(거래내용의 경우 숫자,한글,영문 조합 하여 64KB 를 초과하여 생성)
20180626 33 20180626010110 OK KK123GG (거래내용의 경우 숫자,한글,영문 조합 하여 64KB 를 초과하여 생성)(거래내용의 경우 숫자,한글,영문 조합 하여 64KB 를 초과하여 생성)
20180626 34 20180626010110 OK KK123GG (거래내용의 경우 숫자,한글,영문 조합 하여 64KB 를 초과하여 생성)(거래내용의 경우 숫자,한글,영문 조합 하여 64KB 를 초과하여 생성)(거래내용의 경우 숫자,한글,영문 조합 하여 64KB 를 초과하여 생성)
20180626 35 20180626010110 OK KK123GG (거래내용의 경우 숫자,한글,영문 조합 하여 64KB 를 초과하여 생성)(거래내용의 경우 숫자,한글,영문 조합 하여 64KB 를 초과하여 생성)(거래내용의 경우 숫자,한글,영문 조합 하여 64KB 를 초과하여 생성)(거래내용의 경우 숫자,한글,영문 조합 하여 64KB 를 초과하여 생성)
20180626 36 20180626010110 OK KK123GG (거래내용의 경우 숫자,한글,영문 조합 하여 64KB 를 초과하여 생성)(거래내용의 경우 숫자,한글,영문 조합 하여 64KB 를 초과하여 생성)(거래내용의 경우 숫자,한글,영문 조합 하여 64KB 를 초과하여 생성)(거래내용의 경우 숫자,한글,영문 조합 하여 64KB 를 초과하여 생성)(거래내용의 경우 숫자,한글,영문 조합 하여 64KB 를 초과하여 생성)
20180626 37 20180626010110 OK KK123GG (거래내용의 경우 숫자,한글,영문 조합 하여 64KB 를 초과하여 생성)(거래내용의 경우 숫자,한글,영문 조합 하여 64KB 를 초과하여 생성)(거래내용의 경우 숫자,한글,영문 조합 하여 64KB 를 초과하여 생성)(거래내용의 경우 숫자,한글,영문 조합 하여 64KB 를 초과하여 생성)(거래내용의 경우 숫자,한글,영문 조합 하여 64KB 를 초과하여 생성)
20180626 38 20180626010110 OK KK123GG (거래내용의 경우 숫자,한글,영문 조합 하여 64KB 를 초과하여 생성)(거래내용의 경우 숫자,한글,영문 조합 하여 64KB 를 초과하여 생성)(거래내용의 경우 숫자,한글,영문 조합 하여 64KB 를 초과하여 생성)
20180626 39 20180626010110 OK KK123GG (거래내용의 경우 숫자,한글,영문 조합 하여 64KB 를 초과하여 생성)(거래내용의 경우 숫자,한글,영문 조합 하여 64KB 를 초과하여 생성)(거래내용의 경우 숫자,한글,영문 조합 하여 64KB 를 초과하여 생성)
20180626 310 20180626010110 OK KK123GG (거래내용의 경우 숫자,한글,영문 조합 하여 64KB 를 초과하여 생성)(거래내용의 경우 숫자,한글,영문 조합 하여 64KB 를 초과하여 생성)(거래내용의 경우 숫자,한글,영문 조합 하여 64KB 를 초과하여 생성)
20180626 311 20180626010110 OK KK123GG (거래내용의 경우 숫자,한글,영문 조합 하여 64KB 를 초과하여 생성)(거래내용의 경우 숫자,한글,영문 조합 하여 64KB 를 초과하여 생성)
20180626 312 20180626010110 OK KK123GG (거래내용의 경우 숫자,한글,영문 조합 하여 64KB 를 초과하여 생성)(거래내용의 경우 숫자,한글,영문 조합 하여 64KB 를 초과하여 생성)(거래내용의 경우 숫자,한글,영문 조합 하여 64KB 를 초과하여 생성)
20180626 313 20180626010110 OK KK123GG (거래내용의 경우 숫자,한글,영문 조합 하여 64KB 를 초과하여 생성)(거래내용의 경우 숫자,한글,영문 조합 하여 64KB 를 초과하여 생성)
20180626 314 20180626010110 OK KK123GG (거래내용의 경우 숫자,한글,영문 조합 하여 64KB 를 초과하여 생성)(거래내용의 경우 숫자,한글,영문 조합 하여 64KB 를 초과하여 생성)(거래내용의 경우 숫자,한글,영문 조합 하여 64KB 를 초과하여 생성)
20180626 315 20180626010110 OK KK123GG (거래내용의 경우 숫자,한글,영문 조합 하여 64KB 를 초과하여 생성)(거래내용의 경우 숫자,한글,영문 조합 하여 64KB 를 초과하여 생성)
20180626 316 20180626010110 OK KK123GG (거래내용의 경우 숫자,한글,영문 조합 하여 64KB 를 초과하여 생성)(거래내용의 경우 숫자,한글,영문 조합 하여 64KB 를 초과하여 생성)(거래내용의 경우 숫자,한글,영문 조합 하여 64KB 를 초과하여 생성)
20180626 317 20180626010110 OK KK123GG (거래내용의 경우 숫자,한글,영문 조합 하여 64KB 를 초과하여 생성)(거래내용의 경우 숫자,한글,영문 조합 하여 64KB 를 초과하여 생성)
20180626 318 20180626010110 OK KK123GG (거래내용의 경우 숫자,한글,영문 조합 하여 64KB 를 초과하여 생성)(거래내용의 경우 숫자,한글,영문 조합 하여 64KB 를 초과하여 생성)
20180626 319 20180626010110 OK KK123GG (거래내용의 경우 숫자,한글,영문 조합 하여 64KB 를 초과하여 생성)(거래내용의 경우 숫자,한글,영문 조합 하여 64KB 를 초과하여 생성)
20180626 320 20180626010110 OK KK123GG (거래내용의 경우 숫자,한글,영문 조합 하여 64KB 를 초과하여 생성)(거래내용의 경우 숫자,한글,영문 조합 하여 64KB 를 초과하여 생성)(거래내용의 경우 숫자,한글,영문 조합 하여 64KB 를 초과하여 생성)
